# JRE version: OpenJDK Runtime Environment (8.0_242-b01) (build 1.8.0_242-release-1644-b01)
# Java VM: OpenJDK 64-Bit Server VM (25.242-b01 mixed mode windows-amd64 compressed oops)
Heap:
 PSYoungGen      total 553984K, used 353937K [0x00000000d5580000, 0x0000000100000000, 0x0000000100000000)
  eden space 409088K, 77% used [0x00000000d5580000,0x00000000e89c3548,0x00000000ee500000)
  from space 144896K, 26% used [0x00000000ee500000,0x00000000f0a611c0,0x00000000f7280000)
  to   space 135680K, 0% used [0x00000000f7b80000,0x00000000f7b80000,0x0000000100000000)
 ParOldGen       total 480256K, used 414456K [0x0000000080000000, 0x000000009d500000, 0x00000000d5580000)
  object space 480256K, 86% used [0x0000000080000000,0x00000000994be2d0,0x000000009d500000)
 Metaspace       used 335260K, capacity 353914K, committed 354240K, reserved 1357824K
  class space    used 41896K, capacity 45546K, committed 45568K, reserved 1048576K
GC Heap History (10 events):
Event: 1112.157 GC heap before
{Heap before GC invocations=73 (full 8):
 PSYoungGen      total 518656K, used 413973K [0x00000000d5580000, 0x00000000fea00000, 0x0000000100000000)
  eden space 383488K, 100% used [0x00000000d5580000,0x00000000ecc00000,0x00000000ecc00000)
  from space 135168K, 22% used [0x00000000f6600000,0x00000000f83c54c8,0x00000000fea00000)
  to   space 146432K, 0% used [0x00000000ecc00000,0x00000000ecc00000,0x00000000f5b00000)
 ParOldGen       total 480256K, used 360816K [0x0000000080000000, 0x000000009d500000, 0x00000000d5580000)
  object space 480256K, 75% used [0x0000000080000000,0x000000009605c3f0,0x000000009d500000)
 Metaspace       used 318057K, capacity 335830K, committed 336064K, reserved 1341440K
  class space    used 39804K, capacity 43238K, committed 43264K, reserved 1048576K
Event: 1112.209 GC heap after
Heap after GC invocations=73 (full 8):
 PSYoungGen      total 529920K, used 10447K [0x00000000d5580000, 0x0000000100000000, 0x0000000100000000)
  eden space 383488K, 0% used [0x00000000d5580000,0x00000000d5580000,0x00000000ecc00000)
  from space 146432K, 7% used [0x00000000ecc00000,0x00000000ed633cd8,0x00000000f5b00000)
  to   space 140800K, 0% used [0x00000000f7680000,0x00000000f7680000,0x0000000100000000)
 ParOldGen       total 480256K, used 361886K [0x0000000080000000, 0x000000009d500000, 0x00000000d5580000)
  object space 480256K, 75% used [0x0000000080000000,0x0000000096167a00,0x000000009d500000)
 Metaspace       used 318057K, capacity 335830K, committed 336064K, reserved 1341440K
  class space    used 39804K, capacity 43238K, committed 43264K, reserved 1048576K
}
Event: 1170.238 GC heap before
{Heap before GC invocations=74 (full 8):
 PSYoungGen      total 529920K, used 393935K [0x00000000d5580000, 0x0000000100000000, 0x0000000100000000)
  eden space 383488K, 100% used [0x00000000d5580000,0x00000000ecc00000,0x00000000ecc00000)
  from space 146432K, 7% used [0x00000000ecc00000,0x00000000ed633cd8,0x00000000f5b00000)
  to   space 140800K, 0% used [0x00000000f7680000,0x00000000f7680000,0x0000000100000000)
 ParOldGen       total 480256K, used 361886K [0x0000000080000000, 0x000000009d500000, 0x00000000d5580000)
  object space 480256K, 75% used [0x0000000080000000,0x0000000096167a00,0x000000009d500000)
 Metaspace       used 320705K, capacity 339138K, committed 339392K, reserved 1345536K
  class space    used 40168K, capacity 43776K, committed 43776K, reserved 1048576K
Event: 1170.324 GC heap after
Heap after GC invocations=74 (full 8):
 PSYoungGen      total 530432K, used 26668K [0x00000000d5580000, 0x00000000fea80000, 0x0000000100000000)
  eden space 411648K, 0% used [0x00000000d5580000,0x00000000d5580000,0x00000000ee780000)
  from space 118784K, 22% used [0x00000000f7680000,0x00000000f908b068,0x00000000fea80000)
  to   space 132608K, 0% used [0x00000000ee780000,0x00000000ee780000,0x00000000f6900000)
 ParOldGen       total 480256K, used 368770K [0x0000000080000000, 0x000000009d500000, 0x00000000d5580000)
  object space 480256K, 76% used [0x0000000080000000,0x0000000096820900,0x000000009d500000)
 Metaspace       used 320705K, capacity 339138K, committed 339392K, reserved 1345536K
  class space    used 40168K, capacity 43776K, committed 43776K, reserved 1048576K
}
Event: 1184.640 GC heap before
{Heap before GC invocations=75 (full 8):
 PSYoungGen      total 530432K, used 438316K [0x00000000d5580000, 0x00000000fea80000, 0x0000000100000000)
  eden space 411648K, 100% used [0x00000000d5580000,0x00000000ee780000,0x00000000ee780000)
  from space 118784K, 22% used [0x00000000f7680000,0x00000000f908b068,0x00000000fea80000)
  to   space 132608K, 0% used [0x00000000ee780000,0x00000000ee780000,0x00000000f6900000)
 ParOldGen       total 480256K, used 368770K [0x0000000080000000, 0x000000009d500000, 0x00000000d5580000)
  object space 480256K, 76% used [0x0000000080000000,0x0000000096820900,0x000000009d500000)
 Metaspace       used 320989K, capacity 339486K, committed 339776K, reserved 1345536K
  class space    used 40189K, capacity 43802K, committed 43904K, reserved 1048576K
Event: 1184.832 GC heap after
Heap after GC invocations=75 (full 8):
 PSYoungGen      total 544256K, used 18008K [0x00000000d5580000, 0x0000000100000000, 0x0000000100000000)
  eden space 411648K, 0% used [0x00000000d5580000,0x00000000d5580000,0x00000000ee780000)
  from space 132608K, 13% used [0x00000000ee780000,0x00000000ef916368,0x00000000f6900000)
  to   space 125952K, 0% used [0x00000000f8500000,0x00000000f8500000,0x0000000100000000)
 ParOldGen       total 480256K, used 389670K [0x0000000080000000, 0x000000009d500000, 0x00000000d5580000)
  object space 480256K, 81% used [0x0000000080000000,0x0000000097c89858,0x000000009d500000)
 Metaspace       used 320989K, capacity 339486K, committed 339776K, reserved 1345536K
  class space    used 40189K, capacity 43802K, committed 43904K, reserved 1048576K
}
Event: 1186.560 GC heap before
{Heap before GC invocations=76 (full 8):
 PSYoungGen      total 544256K, used 429656K [0x00000000d5580000, 0x0000000100000000, 0x0000000100000000)
  eden space 411648K, 100% used [0x00000000d5580000,0x00000000ee780000,0x00000000ee780000)
  from space 132608K, 13% used [0x00000000ee780000,0x00000000ef916368,0x00000000f6900000)
  to   space 125952K, 0% used [0x00000000f8500000,0x00000000f8500000,0x0000000100000000)
 ParOldGen       total 480256K, used 389670K [0x0000000080000000, 0x000000009d500000, 0x00000000d5580000)
  object space 480256K, 81% used [0x0000000080000000,0x0000000097c89858,0x000000009d500000)
 Metaspace       used 321292K, capacity 339800K, committed 340032K, reserved 1345536K
  class space    used 40215K, capacity 43843K, committed 43904K, reserved 1048576K
Event: 1186.850 GC heap after
Heap after GC invocations=76 (full 8):
 PSYoungGen      total 535040K, used 110479K [0x00000000d5580000, 0x0000000100000000, 0x0000000100000000)
  eden space 409088K, 0% used [0x00000000d5580000,0x00000000d5580000,0x00000000ee500000)
  from space 125952K, 87% used [0x00000000f8500000,0x00000000ff0e3ec8,0x0000000100000000)
  to   space 144896K, 0% used [0x00000000ee500000,0x00000000ee500000,0x00000000f7280000)
 ParOldGen       total 480256K, used 404721K [0x0000000080000000, 0x000000009d500000, 0x00000000d5580000)
  object space 480256K, 84% used [0x0000000080000000,0x0000000098b3c7a8,0x000000009d500000)
 Metaspace       used 321292K, capacity 339800K, committed 340032K, reserved 1345536K
  class space    used 40215K, capacity 43843K, committed 43904K, reserved 1048576K
}
Event: 1189.265 GC heap before
{Heap before GC invocations=77 (full 8):
 PSYoungGen      total 535040K, used 519567K [0x00000000d5580000, 0x0000000100000000, 0x0000000100000000)
  eden space 409088K, 100% used [0x00000000d5580000,0x00000000ee500000,0x00000000ee500000)
  from space 125952K, 87% used [0x00000000f8500000,0x00000000ff0e3ec8,0x0000000100000000)
  to   space 144896K, 0% used [0x00000000ee500000,0x00000000ee500000,0x00000000f7280000)
 ParOldGen       total 480256K, used 404721K [0x0000000080000000, 0x000000009d500000, 0x00000000d5580000)
  object space 480256K, 84% used [0x0000000080000000,0x0000000098b3c7a8,0x000000009d500000)
 Metaspace       used 331032K, capacity 349632K, committed 349888K, reserved 1353728K
  class space    used 41314K, capacity 44943K, committed 45056K, reserved 1048576K
Event: 1189.340 GC heap after
Heap after GC invocations=77 (full 8):
 PSYoungGen      total 553984K, used 38276K [0x00000000d5580000, 0x0000000100000000, 0x0000000100000000)
  eden space 409088K, 0% used [0x00000000d5580000,0x00000000d5580000,0x00000000ee500000)
  from space 144896K, 26% used [0x00000000ee500000,0x00000000f0a611c0,0x00000000f7280000)
  to   space 135680K, 0% used [0x00000000f7b80000,0x00000000f7b80000,0x0000000100000000)
 ParOldGen       total 480256K, used 414456K [0x0000000080000000, 0x000000009d500000, 0x00000000d5580000)
  object space 480256K, 86% used [0x0000000080000000,0x00000000994be2d0,0x000000009d500000)
 Metaspace       used 331032K, capacity 349632K, committed 349888K, reserved 1353728K
  class space    used 41314K, capacity 44943K, committed 45056K, reserved 1048576K
}

